INFO:root:Iniciando sesión en la API de GLPI http://181.143.64.93/glpi/apirest.php/initSession/?app_token=Szfere0OY0d94eRWTdrzkG3S3BYfR7s6WcZ10YxI
DEBUG:urllib3.connectionpool:Starting new HTTP connection (1): 181.143.64.93:80
ERROR:root:Error en la solicitud: HTTPConnectionPool(host='181.143.64.93', port=80): Max retries exceeded with url: /glpi/apirest.php/initSession/?app_token=Szfere0OY0d94eRWTdrzkG3S3BYfR7s6WcZ10YxI (Caused by ConnectTimeoutError(<urllib3.connection.HTTPConnection object at 0x00000238D1B04EC0>, 'Connection to 181.143.64.93 timed out. (connect timeout=None)'))
INFO:root:Token de sesión: None
INFO:root:Iniciando sesión en la API de GLPI http://181.143.64.93/glpi/apirest.php/initSession/?app_token=Szfere0OY0d94eRWTdrzkG3S3BYfR7s6WcZ10YxI
DEBUG:urllib3.connectionpool:Starting new HTTP connection (1): 181.143.64.93:80
DEBUG:urllib3.connectionpool:http://181.143.64.93:80 "GET /glpi/apirest.php/initSession/?app_token=Szfere0OY0d94eRWTdrzkG3S3BYfR7s6WcZ10YxI HTTP/1.1" 200 46
INFO:root:Token de sesión: {'session_token': '5md8ocd4l9ek88ave18k0c2gma'}
INFO:root:Token de sesión: 5md8ocd4l9ek88ave18k0c2gma
INFO:root:Iniciando sesión en la API de GLPI http://181.143.64.93/glpi/apirest.php/initSession/?app_token=Szfere0OY0d94eRWTdrzkG3S3BYfR7s6WcZ10YxI
DEBUG:urllib3.connectionpool:Starting new HTTP connection (1): 181.143.64.93:80
DEBUG:urllib3.connectionpool:http://181.143.64.93:80 "GET /glpi/apirest.php/initSession/?app_token=Szfere0OY0d94eRWTdrzkG3S3BYfR7s6WcZ10YxI HTTP/1.1" 200 46
INFO:root:Token de sesión: {'session_token': 'toa1lftqjrb6utkjbdhgiit1us'}
INFO:root:Token de sesión: toa1lftqjrb6utkjbdhgiit1us
INFO:root:Iniciando sesión en la API de GLPI http://181.143.64.93/glpi/apirest.php/initSession/?app_token=Szfere0OY0d94eRWTdrzkG3S3BYfR7s6WcZ10YxI
DEBUG:urllib3.connectionpool:Starting new HTTP connection (1): 181.143.64.93:80
DEBUG:urllib3.connectionpool:http://181.143.64.93:80 "GET /glpi/apirest.php/initSession/?app_token=Szfere0OY0d94eRWTdrzkG3S3BYfR7s6WcZ10YxI HTTP/1.1" 200 46
INFO:root:Token de sesión: {'session_token': 'q56a0pjcmcp359n16qcqgq355p'}
INFO:root:Token de sesión: q56a0pjcmcp359n16qcqgq355p
INFO:root:Iniciando sesión en la API de GLPI http://181.143.64.93/glpi/apirest.php/initSession/?app_token=Szfere0OY0d94eRWTdrzkG3S3BYfR7s6WcZ10YxI
DEBUG:urllib3.connectionpool:Starting new HTTP connection (1): 181.143.64.93:80
DEBUG:urllib3.connectionpool:http://181.143.64.93:80 "GET /glpi/apirest.php/initSession/?app_token=Szfere0OY0d94eRWTdrzkG3S3BYfR7s6WcZ10YxI HTTP/1.1" 200 46
INFO:root:Token de sesión: {'session_token': '2mujde2ilph8cskq7brvnfmasj'}
INFO:root:Token de sesión: 2mujde2ilph8cskq7brvnfmasj
INFO:root:Iniciando sesión en la API de GLPI http://181.143.64.93/glpi/apirest.php/initSession/?app_token=Szfere0OY0d94eRWTdrzkG3S3BYfR7s6WcZ10YxI
DEBUG:urllib3.connectionpool:Starting new HTTP connection (1): 181.143.64.93:80
DEBUG:urllib3.connectionpool:http://181.143.64.93:80 "GET /glpi/apirest.php/initSession/?app_token=Szfere0OY0d94eRWTdrzkG3S3BYfR7s6WcZ10YxI HTTP/1.1" 200 46
INFO:root:Token de sesión: {'session_token': 'gheltvm54c6q3qgdu0a8q13e2p'}
INFO:root:Token de sesión: gheltvm54c6q3qgdu0a8q13e2p
INFO:werkzeug:[31m[1mWARNING: This is a development server. Do not use it in a production deployment. Use a production WSGI server instead.[0m
 * Running on http://127.0.0.1:5000
INFO:werkzeug:[33mPress CTRL+C to quit[0m
ERROR:root:Error en check_inactivity: ('42S02', "[42S02] [Microsoft][ODBC SQL Server Driver][SQL Server]Invalid object name 'estado_usuario'. (208) (SQLExecDirectW)")
ERROR:root:Error en check_inactivity: ('42S02', "[42S02] [Microsoft][ODBC SQL Server Driver][SQL Server]Invalid object name 'estado_usuario'. (208) (SQLExecDirectW)")
INFO:root:Procesando mensaje del número: 573046484654, Nombre: ., Mensaje: Hola
INFO:root:Estado del usuario 573046484654 actualizado correctamente.
INFO:root:Estado actual del usuario 573046484654: inicio
INFO:root:Mensaje de texto generado para el número 573046484654.
INFO:root:Enviando mensaje de WhatsApp.
DEBUG:urllib3.connectionpool:Starting new HTTPS connection (1): graph.facebook.com:443
DEBUG:urllib3.connectionpool:https://graph.facebook.com:443 "POST /v22.0/336529376206693/messages HTTP/1.1" 200 178
INFO:root:Mensaje enviado exitosamente.
INFO:root:Opciones de botón generadas para el número 573046484654.
INFO:root:Enviando mensaje de WhatsApp.
DEBUG:urllib3.connectionpool:Starting new HTTPS connection (1): graph.facebook.com:443
DEBUG:urllib3.connectionpool:https://graph.facebook.com:443 "POST /v22.0/336529376206693/messages HTTP/1.1" 200 178
INFO:root:Mensaje enviado exitosamente.
INFO:root:Estado del usuario 573046484654 actualizado correctamente.
INFO:werkzeug:127.0.0.1 - - [26/Mar/2025 15:55:11] "POST /webhook HTTP/1.1" 200 -
INFO:werkzeug:127.0.0.1 - - [26/Mar/2025 15:55:11] "POST /webhook HTTP/1.1" 200 -
INFO:werkzeug:127.0.0.1 - - [26/Mar/2025 15:55:12] "POST /webhook HTTP/1.1" 200 -
INFO:werkzeug:127.0.0.1 - - [26/Mar/2025 15:55:12] "POST /webhook HTTP/1.1" 200 -
INFO:werkzeug:127.0.0.1 - - [26/Mar/2025 15:55:12] "POST /webhook HTTP/1.1" 200 -
INFO:werkzeug:127.0.0.1 - - [26/Mar/2025 15:55:12] "POST /webhook HTTP/1.1" 200 -
INFO:werkzeug:127.0.0.1 - - [26/Mar/2025 15:55:13] "POST /webhook HTTP/1.1" 200 -
INFO:root:Procesando mensaje del número: 573046484654, Nombre: ., Mensaje: Crear solicitud
INFO:root:Estado del usuario 573046484654 actualizado correctamente.
INFO:root:Estado actual del usuario 573046484654: esperando_seleccion_area
INFO:root:Mensaje de texto generado para el número 573046484654.
INFO:root:Enviando mensaje de WhatsApp.
DEBUG:urllib3.connectionpool:Starting new HTTPS connection (1): graph.facebook.com:443
DEBUG:urllib3.connectionpool:https://graph.facebook.com:443 "POST /v22.0/336529376206693/messages HTTP/1.1" 200 178
INFO:root:Mensaje enviado exitosamente.
INFO:werkzeug:127.0.0.1 - - [26/Mar/2025 15:55:22] "POST /webhook HTTP/1.1" 200 -
INFO:werkzeug:127.0.0.1 - - [26/Mar/2025 15:55:23] "POST /webhook HTTP/1.1" 200 -
INFO:werkzeug:127.0.0.1 - - [26/Mar/2025 15:55:24] "POST /webhook HTTP/1.1" 200 -
INFO:werkzeug:127.0.0.1 - - [26/Mar/2025 15:55:24] "POST /webhook HTTP/1.1" 200 -
ERROR:root:Error en check_inactivity: ('42S02', "[42S02] [Microsoft][ODBC SQL Server Driver][SQL Server]Invalid object name 'estado_usuario'. (208) (SQLExecDirectW)")
ERROR:root:Error en check_inactivity: ('42S02', "[42S02] [Microsoft][ODBC SQL Server Driver][SQL Server]Invalid object name 'estado_usuario'. (208) (SQLExecDirectW)")
ERROR:root:Error en check_inactivity: ('42S02', "[42S02] [Microsoft][ODBC SQL Server Driver][SQL Server]Invalid object name 'estado_usuario'. (208) (SQLExecDirectW)")
ERROR:root:Error en check_inactivity: ('42S02', "[42S02] [Microsoft][ODBC SQL Server Driver][SQL Server]Invalid object name 'estado_usuario'. (208) (SQLExecDirectW)")
ERROR:root:Error en check_inactivity: ('42S02', "[42S02] [Microsoft][ODBC SQL Server Driver][SQL Server]Invalid object name 'estado_usuario'. (208) (SQLExecDirectW)")
ERROR:root:Error en check_inactivity: ('42S02', "[42S02] [Microsoft][ODBC SQL Server Driver][SQL Server]Invalid object name 'estado_usuario'. (208) (SQLExecDirectW)")
ERROR:root:Error en check_inactivity: ('42S02', "[42S02] [Microsoft][ODBC SQL Server Driver][SQL Server]Invalid object name 'estado_usuario'. (208) (SQLExecDirectW)")
ERROR:root:Error en check_inactivity: ('42S02', "[42S02] [Microsoft][ODBC SQL Server Driver][SQL Server]Invalid object name 'estado_usuario'. (208) (SQLExecDirectW)")
ERROR:root:Error en check_inactivity: ('42S02', "[42S02] [Microsoft][ODBC SQL Server Driver][SQL Server]Invalid object name 'estado_usuario'. (208) (SQLExecDirectW)")
ERROR:root:Error en check_inactivity: ('42S02', "[42S02] [Microsoft][ODBC SQL Server Driver][SQL Server]Invalid object name 'estado_usuario'. (208) (SQLExecDirectW)")
ERROR:root:Error en check_inactivity: ('42S02', "[42S02] [Microsoft][ODBC SQL Server Driver][SQL Server]Invalid object name 'estado_usuario'. (208) (SQLExecDirectW)")
ERROR:root:Error en check_inactivity: ('42S02', "[42S02] [Microsoft][ODBC SQL Server Driver][SQL Server]Invalid object name 'estado_usuario'. (208) (SQLExecDirectW)")
ERROR:root:Error en check_inactivity: ('42S02', "[42S02] [Microsoft][ODBC SQL Server Driver][SQL Server]Invalid object name 'estado_usuario'. (208) (SQLExecDirectW)")
ERROR:root:Error en check_inactivity: ('42S02', "[42S02] [Microsoft][ODBC SQL Server Driver][SQL Server]Invalid object name 'estado_usuario'. (208) (SQLExecDirectW)")
ERROR:root:Error en check_inactivity: ('42S02', "[42S02] [Microsoft][ODBC SQL Server Driver][SQL Server]Invalid object name 'estado_usuario'. (208) (SQLExecDirectW)")
ERROR:root:Error en check_inactivity: ('42S02', "[42S02] [Microsoft][ODBC SQL Server Driver][SQL Server]Invalid object name 'estado_usuario'. (208) (SQLExecDirectW)")
ERROR:root:Error en check_inactivity: ('42S02', "[42S02] [Microsoft][ODBC SQL Server Driver][SQL Server]Invalid object name 'estado_usuario'. (208) (SQLExecDirectW)")
ERROR:root:Error en check_inactivity: ('42S02', "[42S02] [Microsoft][ODBC SQL Server Driver][SQL Server]Invalid object name 'estado_usuario'. (208) (SQLExecDirectW)")
ERROR:root:Error en check_inactivity: ('42S02', "[42S02] [Microsoft][ODBC SQL Server Driver][SQL Server]Invalid object name 'estado_usuario'. (208) (SQLExecDirectW)")
ERROR:root:Error en check_inactivity: ('42S02', "[42S02] [Microsoft][ODBC SQL Server Driver][SQL Server]Invalid object name 'estado_usuario'. (208) (SQLExecDirectW)")
ERROR:root:Error en check_inactivity: ('42S02', "[42S02] [Microsoft][ODBC SQL Server Driver][SQL Server]Invalid object name 'estado_usuario'. (208) (SQLExecDirectW)")
ERROR:root:Error en check_inactivity: ('42S02', "[42S02] [Microsoft][ODBC SQL Server Driver][SQL Server]Invalid object name 'estado_usuario'. (208) (SQLExecDirectW)")
ERROR:root:Error en check_inactivity: ('42S02', "[42S02] [Microsoft][ODBC SQL Server Driver][SQL Server]Invalid object name 'estado_usuario'. (208) (SQLExecDirectW)")
ERROR:root:Error en check_inactivity: ('42S02', "[42S02] [Microsoft][ODBC SQL Server Driver][SQL Server]Invalid object name 'estado_usuario'. (208) (SQLExecDirectW)")
ERROR:root:Error en check_inactivity: ('42S02', "[42S02] [Microsoft][ODBC SQL Server Driver][SQL Server]Invalid object name 'estado_usuario'. (208) (SQLExecDirectW)")
ERROR:root:Error en check_inactivity: ('42S02', "[42S02] [Microsoft][ODBC SQL Server Driver][SQL Server]Invalid object name 'estado_usuario'. (208) (SQLExecDirectW)")
ERROR:root:Error en check_inactivity: ('42S02', "[42S02] [Microsoft][ODBC SQL Server Driver][SQL Server]Invalid object name 'estado_usuario'. (208) (SQLExecDirectW)")
ERROR:root:Error en check_inactivity: ('42S02', "[42S02] [Microsoft][ODBC SQL Server Driver][SQL Server]Invalid object name 'estado_usuario'. (208) (SQLExecDirectW)")
ERROR:root:Error en check_inactivity: ('42S02', "[42S02] [Microsoft][ODBC SQL Server Driver][SQL Server]Invalid object name 'estado_usuario'. (208) (SQLExecDirectW)")
ERROR:root:Error en check_inactivity: ('42S02', "[42S02] [Microsoft][ODBC SQL Server Driver][SQL Server]Invalid object name 'estado_usuario'. (208) (SQLExecDirectW)")
ERROR:root:Error en check_inactivity: ('42S02', "[42S02] [Microsoft][ODBC SQL Server Driver][SQL Server]Invalid object name 'estado_usuario'. (208) (SQLExecDirectW)")
ERROR:root:Error en check_inactivity: ('42S02', "[42S02] [Microsoft][ODBC SQL Server Driver][SQL Server]Invalid object name 'estado_usuario'. (208) (SQLExecDirectW)")
ERROR:root:Error en check_inactivity: ('42S02', "[42S02] [Microsoft][ODBC SQL Server Driver][SQL Server]Invalid object name 'estado_usuario'. (208) (SQLExecDirectW)")
ERROR:root:Error en check_inactivity: ('42S02', "[42S02] [Microsoft][ODBC SQL Server Driver][SQL Server]Invalid object name 'estado_usuario'. (208) (SQLExecDirectW)")
ERROR:root:Error en check_inactivity: ('42S02', "[42S02] [Microsoft][ODBC SQL Server Driver][SQL Server]Invalid object name 'estado_usuario'. (208) (SQLExecDirectW)")
ERROR:root:Error en check_inactivity: ('42S02', "[42S02] [Microsoft][ODBC SQL Server Driver][SQL Server]Invalid object name 'estado_usuario'. (208) (SQLExecDirectW)")
ERROR:root:Error en check_inactivity: ('42S02', "[42S02] [Microsoft][ODBC SQL Server Driver][SQL Server]Invalid object name 'estado_usuario'. (208) (SQLExecDirectW)")
ERROR:root:Error en check_inactivity: ('42S02', "[42S02] [Microsoft][ODBC SQL Server Driver][SQL Server]Invalid object name 'estado_usuario'. (208) (SQLExecDirectW)")
ERROR:root:Error en check_inactivity: ('42S02', "[42S02] [Microsoft][ODBC SQL Server Driver][SQL Server]Invalid object name 'estado_usuario'. (208) (SQLExecDirectW)")
ERROR:root:Error en check_inactivity: ('42S02', "[42S02] [Microsoft][ODBC SQL Server Driver][SQL Server]Invalid object name 'estado_usuario'. (208) (SQLExecDirectW)")
ERROR:root:Error en check_inactivity: ('42S02', "[42S02] [Microsoft][ODBC SQL Server Driver][SQL Server]Invalid object name 'estado_usuario'. (208) (SQLExecDirectW)")
ERROR:root:Error en check_inactivity: ('42S02', "[42S02] [Microsoft][ODBC SQL Server Driver][SQL Server]Invalid object name 'estado_usuario'. (208) (SQLExecDirectW)")
ERROR:root:Error en check_inactivity: ('42S02', "[42S02] [Microsoft][ODBC SQL Server Driver][SQL Server]Invalid object name 'estado_usuario'. (208) (SQLExecDirectW)")
ERROR:root:Error en check_inactivity: ('42S02', "[42S02] [Microsoft][ODBC SQL Server Driver][SQL Server]Invalid object name 'estado_usuario'. (208) (SQLExecDirectW)")
ERROR:root:Error en check_inactivity: ('42S02', "[42S02] [Microsoft][ODBC SQL Server Driver][SQL Server]Invalid object name 'estado_usuario'. (208) (SQLExecDirectW)")
ERROR:root:Error en check_inactivity: ('42S02', "[42S02] [Microsoft][ODBC SQL Server Driver][SQL Server]Invalid object name 'estado_usuario'. (208) (SQLExecDirectW)")
ERROR:root:Error en check_inactivity: ('42S02', "[42S02] [Microsoft][ODBC SQL Server Driver][SQL Server]Invalid object name 'estado_usuario'. (208) (SQLExecDirectW)")
ERROR:root:Error en check_inactivity: ('42S02', "[42S02] [Microsoft][ODBC SQL Server Driver][SQL Server]Invalid object name 'estado_usuario'. (208) (SQLExecDirectW)")
ERROR:root:Error en check_inactivity: ('42S02', "[42S02] [Microsoft][ODBC SQL Server Driver][SQL Server]Invalid object name 'estado_usuario'. (208) (SQLExecDirectW)")
ERROR:root:Error en check_inactivity: ('42S02', "[42S02] [Microsoft][ODBC SQL Server Driver][SQL Server]Invalid object name 'estado_usuario'. (208) (SQLExecDirectW)")
ERROR:root:Error en check_inactivity: ('42S02', "[42S02] [Microsoft][ODBC SQL Server Driver][SQL Server]Invalid object name 'estado_usuario'. (208) (SQLExecDirectW)")
ERROR:root:Error en check_inactivity: ('42S02', "[42S02] [Microsoft][ODBC SQL Server Driver][SQL Server]Invalid object name 'estado_usuario'. (208) (SQLExecDirectW)")
ERROR:root:Error en check_inactivity: ('42S02', "[42S02] [Microsoft][ODBC SQL Server Driver][SQL Server]Invalid object name 'estado_usuario'. (208) (SQLExecDirectW)")
ERROR:root:Error en check_inactivity: ('42S02', "[42S02] [Microsoft][ODBC SQL Server Driver][SQL Server]Invalid object name 'estado_usuario'. (208) (SQLExecDirectW)")
ERROR:root:Error en check_inactivity: ('42S02', "[42S02] [Microsoft][ODBC SQL Server Driver][SQL Server]Invalid object name 'estado_usuario'. (208) (SQLExecDirectW)")
ERROR:root:Error en check_inactivity: ('42S02', "[42S02] [Microsoft][ODBC SQL Server Driver][SQL Server]Invalid object name 'estado_usuario'. (208) (SQLExecDirectW)")
ERROR:root:Error en check_inactivity: ('42S02', "[42S02] [Microsoft][ODBC SQL Server Driver][SQL Server]Invalid object name 'estado_usuario'. (208) (SQLExecDirectW)")
ERROR:root:Error en check_inactivity: ('42S02', "[42S02] [Microsoft][ODBC SQL Server Driver][SQL Server]Invalid object name 'estado_usuario'. (208) (SQLExecDirectW)")
ERROR:root:Error en check_inactivity: ('42S02', "[42S02] [Microsoft][ODBC SQL Server Driver][SQL Server]Invalid object name 'estado_usuario'. (208) (SQLExecDirectW)")
ERROR:root:Error en check_inactivity: ('42S02', "[42S02] [Microsoft][ODBC SQL Server Driver][SQL Server]Invalid object name 'estado_usuario'. (208) (SQLExecDirectW)")
ERROR:root:Error en check_inactivity: ('42S02', "[42S02] [Microsoft][ODBC SQL Server Driver][SQL Server]Invalid object name 'estado_usuario'. (208) (SQLExecDirectW)")
ERROR:root:Error en check_inactivity: ('42S02', "[42S02] [Microsoft][ODBC SQL Server Driver][SQL Server]Invalid object name 'estado_usuario'. (208) (SQLExecDirectW)")
ERROR:root:Error en check_inactivity: ('42S02', "[42S02] [Microsoft][ODBC SQL Server Driver][SQL Server]Invalid object name 'estado_usuario'. (208) (SQLExecDirectW)")
ERROR:root:Error en check_inactivity: ('42S02', "[42S02] [Microsoft][ODBC SQL Server Driver][SQL Server]Invalid object name 'estado_usuario'. (208) (SQLExecDirectW)")
ERROR:root:Error en check_inactivity: ('42S02', "[42S02] [Microsoft][ODBC SQL Server Driver][SQL Server]Invalid object name 'estado_usuario'. (208) (SQLExecDirectW)")
ERROR:root:Error en check_inactivity: ('42S02', "[42S02] [Microsoft][ODBC SQL Server Driver][SQL Server]Invalid object name 'estado_usuario'. (208) (SQLExecDirectW)")
ERROR:root:Error en check_inactivity: ('42S02', "[42S02] [Microsoft][ODBC SQL Server Driver][SQL Server]Invalid object name 'estado_usuario'. (208) (SQLExecDirectW)")
ERROR:root:Error en check_inactivity: ('42S02', "[42S02] [Microsoft][ODBC SQL Server Driver][SQL Server]Invalid object name 'estado_usuario'. (208) (SQLExecDirectW)")
ERROR:root:Error en check_inactivity: ('42S02', "[42S02] [Microsoft][ODBC SQL Server Driver][SQL Server]Invalid object name 'estado_usuario'. (208) (SQLExecDirectW)")
ERROR:root:Error en check_inactivity: ('42S02', "[42S02] [Microsoft][ODBC SQL Server Driver][SQL Server]Invalid object name 'estado_usuario'. (208) (SQLExecDirectW)")
ERROR:root:Error en check_inactivity: ('42S02', "[42S02] [Microsoft][ODBC SQL Server Driver][SQL Server]Invalid object name 'estado_usuario'. (208) (SQLExecDirectW)")
ERROR:root:Error en check_inactivity: ('42S02', "[42S02] [Microsoft][ODBC SQL Server Driver][SQL Server]Invalid object name 'estado_usuario'. (208) (SQLExecDirectW)")
ERROR:root:Error en check_inactivity: ('42S02', "[42S02] [Microsoft][ODBC SQL Server Driver][SQL Server]Invalid object name 'estado_usuario'. (208) (SQLExecDirectW)")
ERROR:root:Error en check_inactivity: ('42S02', "[42S02] [Microsoft][ODBC SQL Server Driver][SQL Server]Invalid object name 'estado_usuario'. (208) (SQLExecDirectW)")
ERROR:root:Error en check_inactivity: ('42S02', "[42S02] [Microsoft][ODBC SQL Server Driver][SQL Server]Invalid object name 'estado_usuario'. (208) (SQLExecDirectW)")
ERROR:root:Error en check_inactivity: ('42S02', "[42S02] [Microsoft][ODBC SQL Server Driver][SQL Server]Invalid object name 'estado_usuario'. (208) (SQLExecDirectW)")
ERROR:root:Error en check_inactivity: ('42S02', "[42S02] [Microsoft][ODBC SQL Server Driver][SQL Server]Invalid object name 'estado_usuario'. (208) (SQLExecDirectW)")
ERROR:root:Error en check_inactivity: ('42S02', "[42S02] [Microsoft][ODBC SQL Server Driver][SQL Server]Invalid object name 'estado_usuario'. (208) (SQLExecDirectW)")
ERROR:root:Error en check_inactivity: ('42S02', "[42S02] [Microsoft][ODBC SQL Server Driver][SQL Server]Invalid object name 'estado_usuario'. (208) (SQLExecDirectW)")
ERROR:root:Error en check_inactivity: ('42S02', "[42S02] [Microsoft][ODBC SQL Server Driver][SQL Server]Invalid object name 'estado_usuario'. (208) (SQLExecDirectW)")
ERROR:root:Error en check_inactivity: ('42S02', "[42S02] [Microsoft][ODBC SQL Server Driver][SQL Server]Invalid object name 'estado_usuario'. (208) (SQLExecDirectW)")
ERROR:root:Error en check_inactivity: ('42S02', "[42S02] [Microsoft][ODBC SQL Server Driver][SQL Server]Invalid object name 'estado_usuario'. (208) (SQLExecDirectW)")
ERROR:root:Error en check_inactivity: ('42S02', "[42S02] [Microsoft][ODBC SQL Server Driver][SQL Server]Invalid object name 'estado_usuario'. (208) (SQLExecDirectW)")
ERROR:root:Error en check_inactivity: ('42S02', "[42S02] [Microsoft][ODBC SQL Server Driver][SQL Server]Invalid object name 'estado_usuario'. (208) (SQLExecDirectW)")
ERROR:root:Error en check_inactivity: ('42S02', "[42S02] [Microsoft][ODBC SQL Server Driver][SQL Server]Invalid object name 'estado_usuario'. (208) (SQLExecDirectW)")
ERROR:root:Error en check_inactivity: ('42S02', "[42S02] [Microsoft][ODBC SQL Server Driver][SQL Server]Invalid object name 'estado_usuario'. (208) (SQLExecDirectW)")
ERROR:root:Error en check_inactivity: ('42S02', "[42S02] [Microsoft][ODBC SQL Server Driver][SQL Server]Invalid object name 'estado_usuario'. (208) (SQLExecDirectW)")
ERROR:root:Error en check_inactivity: ('42S02', "[42S02] [Microsoft][ODBC SQL Server Driver][SQL Server]Invalid object name 'estado_usuario'. (208) (SQLExecDirectW)")
ERROR:root:Error en check_inactivity: ('42S02', "[42S02] [Microsoft][ODBC SQL Server Driver][SQL Server]Invalid object name 'estado_usuario'. (208) (SQLExecDirectW)")
ERROR:root:Error en check_inactivity: ('42S02', "[42S02] [Microsoft][ODBC SQL Server Driver][SQL Server]Invalid object name 'estado_usuario'. (208) (SQLExecDirectW)")
ERROR:root:Error en check_inactivity: ('42S02', "[42S02] [Microsoft][ODBC SQL Server Driver][SQL Server]Invalid object name 'estado_usuario'. (208) (SQLExecDirectW)")
ERROR:root:Error en check_inactivity: ('42S02', "[42S02] [Microsoft][ODBC SQL Server Driver][SQL Server]Invalid object name 'estado_usuario'. (208) (SQLExecDirectW)")
ERROR:root:Error en check_inactivity: ('42S02', "[42S02] [Microsoft][ODBC SQL Server Driver][SQL Server]Invalid object name 'estado_usuario'. (208) (SQLExecDirectW)")
ERROR:root:Error en check_inactivity: ('42S02', "[42S02] [Microsoft][ODBC SQL Server Driver][SQL Server]Invalid object name 'estado_usuario'. (208) (SQLExecDirectW)")
ERROR:root:Error en check_inactivity: ('42S02', "[42S02] [Microsoft][ODBC SQL Server Driver][SQL Server]Invalid object name 'estado_usuario'. (208) (SQLExecDirectW)")
ERROR:root:Error en check_inactivity: ('42S02', "[42S02] [Microsoft][ODBC SQL Server Driver][SQL Server]Invalid object name 'estado_usuario'. (208) (SQLExecDirectW)")
ERROR:root:Error en check_inactivity: ('42S02', "[42S02] [Microsoft][ODBC SQL Server Driver][SQL Server]Invalid object name 'estado_usuario'. (208) (SQLExecDirectW)")
ERROR:root:Error en check_inactivity: ('42S02', "[42S02] [Microsoft][ODBC SQL Server Driver][SQL Server]Invalid object name 'estado_usuario'. (208) (SQLExecDirectW)")
ERROR:root:Error en check_inactivity: ('42S02', "[42S02] [Microsoft][ODBC SQL Server Driver][SQL Server]Invalid object name 'estado_usuario'. (208) (SQLExecDirectW)")
ERROR:root:Error en check_inactivity: ('42S02', "[42S02] [Microsoft][ODBC SQL Server Driver][SQL Server]Invalid object name 'estado_usuario'. (208) (SQLExecDirectW)")
ERROR:root:Error en check_inactivity: ('01000', '[01000] [Microsoft][ODBC SQL Server Driver][DBNETLIB]ConnectionWrite (send()). (10054) (SQLExecDirectW); [01000] [Microsoft][ODBC SQL Server Driver][DBNETLIB]Error general de red. Consulte la documentación de la red. (11)')
